<?xml version="1.0" encoding="UTF-8"?>
<!-- Generated by org.testng.reporters.JUnitReportReporter -->
<testsuite hostname="Santhosh" failures="0" tests="3" name="Cognizant.Test.FrameWorkBuildTest" time="30.834" errors="0" timestamp="2025-02-22T23:26:45 IST" skipped="0">
  <testcase classname="Cognizant.Test.FrameWorkBuildTest" name="submitOrder" time="9.146"/>
  <testcase classname="Cognizant.Test.FrameWorkBuildTest" name="VerifyOrderDetails" time="11.475"/>
  <testcase classname="Cognizant.Test.FrameWorkBuildTest" name="submitOrder" time="10.213"/>
</testsuite> <!-- Cognizant.Test.FrameWorkBuildTest -->
