<?xml version="1.0" encoding="UTF-8"?>
<!-- Generated by org.testng.reporters.JUnitReportReporter -->
<testsuite hostname="Santhosh" failures="0" tests="1" name="Cognizant.ErrorValidation" time="6.534" errors="0" timestamp="2025-01-23T18:11:36 IST" skipped="0">
  <testcase classname="Cognizant.ErrorValidation" name="verifyLoginError" time="6.534"/>
</testsuite> <!-- Cognizant.ErrorValidation -->
