<?xml version="1.0" encoding="UTF-8"?>
<!-- Generated by org.testng.reporters.JUnitReportReporter -->
<testsuite hostname="Santhosh" failures="0" tests="1" name="Cucumber.TestNGRunner" time="10.408" errors="0" timestamp="2025-02-09T19:56:54 IST" skipped="0">
  <testcase classname="Cucumber.TestNGRunner" name="runScenario" time="10.408"/>
</testsuite> <!-- Cucumber.TestNGRunner -->
