<?xml version="1.0" encoding="UTF-8"?>
<!-- Generated by org.testng.reporters.JUnitReportReporter -->
<testsuite hostname="Santhosh" failures="0" tests="2" name="Cognizant.FrameWorkBuildTest" time="16.799" errors="0" timestamp="2025-01-23T17:35:08 IST" skipped="0">
  <testcase classname="Cognizant.FrameWorkBuildTest" name="submitOrder" time="10.442"/>
  <testcase classname="Cognizant.FrameWorkBuildTest" name="submitOrder" time="6.357"/>
</testsuite> <!-- Cognizant.FrameWorkBuildTest -->
