<?xml version="1.0" encoding="UTF-8"?>
<!-- Generated by org.testng.reporters.JUnitReportReporter -->
<testsuite hostname="Santhosh" failures="0" tests="1" name="Cognizant.Test.ErrorValidation" time="5.247" errors="0" timestamp="2025-02-06T18:52:49 IST" skipped="0">
  <testcase classname="Cognizant.Test.ErrorValidation" name="verifyLoginError" time="5.247"/>
</testsuite> <!-- Cognizant.Test.ErrorValidation -->
